<?xml version="1.0" encoding="UTF-8"?>
<!-- Generated by org.testng.reporters.JUnitReportReporter -->
<testsuite hostname="technovices101" failures="0" tests="2" name="com.searchmodule.tests.SearchTest" time="13.102" errors="0" timestamp="2023-07-16T16:29:59 AEST" skipped="0">
  <testcase classname="com.searchmodule.tests.SearchTest" name="search" time="5.824"/>
  <testcase classname="com.searchmodule.tests.SearchTest" name="search" time="7.278"/>
</testsuite> <!-- com.searchmodule.tests.SearchTest -->
